<?xml version="1.0" encoding="UTF-8"?>
<!-- Generated by org.testng.reporters.JUnitXMLReporter -->
<testsuite ignored="0" hostname="Soham" failures="3" tests="15" name="BDDTests" time="1.142" errors="0" timestamp="2025-08-23T23:52:40 BST">
  <testcase classname="io.cucumber.testng.AbstractTestNGCucumberTests" name="runScenario" time="0.412">
    <failure type="io.cucumber.testng.UndefinedStepException" message="The step &amp;apos;the total price should match expected&amp;apos; is undefined.
You can implement this step using the snippet(s) below:

@Then(&amp;quot;the total price should match expected&amp;quot;)
public void the_total_price_should_match_expected() {
    // Write code here that turns the phrase above into concrete actions
    throw new io.cucumber.java.PendingException();
}
">
      <![CDATA[io.cucumber.testng.UndefinedStepException: The step 'the total price should match expected' is undefined.
You can implement this step using the snippet(s) below:

@Then("the total price should match expected")
public void the_total_price_should_match_expected() {
    // Write code here that turns the phrase above into concrete actions
    throw new io.cucumber.java.PendingException();
}

at ✽.the total price should match expected(file:///C:/Users/soham/assessment-workspace/shopping-basket/src/test/resources/features/shopping_application_test.feature:9)
]]>
    </failure>
  </testcase> <!-- runScenario -->
  <testcase classname="io.cucumber.testng.AbstractTestNGCucumberTests" name="runScenario" time="0.008"/>
  <testcase classname="io.cucumber.testng.AbstractTestNGCucumberTests" name="runScenario" time="0.005"/>
  <testcase classname="io.cucumber.testng.AbstractTestNGCucumberTests" name="runScenario" time="0.002"/>
  <testcase classname="io.cucumber.testng.AbstractTestNGCucumberTests" name="runScenario" time="0.014"/>
  <testcase classname="io.cucumber.testng.AbstractTestNGCucumberTests" name="runScenario" time="0.003"/>
  <testcase classname="io.cucumber.testng.AbstractTestNGCucumberTests" name="runScenario" time="0.003"/>
  <testcase classname="io.cucumber.testng.AbstractTestNGCucumberTests" name="runScenario" time="0.004"/>
  <testcase classname="io.cucumber.testng.AbstractTestNGCucumberTests" name="runScenario" time="0.003"/>
  <testcase classname="io.cucumber.testng.AbstractTestNGCucumberTests" name="runScenario" time="0.002"/>
  <testcase classname="io.cucumber.testng.AbstractTestNGCucumberTests" name="runScenario" time="0.004"/>
  <testcase classname="io.cucumber.testng.AbstractTestNGCucumberTests" name="runScenario" time="0.003"/>
  <testcase classname="io.cucumber.testng.AbstractTestNGCucumberTests" name="runScenario" time="0.01">
    <failure type="java.lang.AssertionError" message="expected [105] but found [0]">
      <![CDATA[java.lang.AssertionError: expected [105] but found [0]
at com.assessment.automation.shopping_basket.BDD.StepDefination.then_l_total_price_should_match_expected(StepDefination.java:240)
at ✽.l_the total price should match expected(file:///C:/Users/soham/assessment-workspace/shopping-basket/src/test/resources/features/shopping_application_test.feature:69)
... Removed 7 stack frames]]>
    </failure>
  </testcase> <!-- runScenario -->
  <testcase classname="io.cucumber.testng.AbstractTestNGCucumberTests" name="runScenario" time="0.003">
    <failure type="java.lang.AssertionError" message="expected [50] but found [0]">
      <![CDATA[java.lang.AssertionError: expected [50] but found [0]
at com.assessment.automation.shopping_basket.BDD.StepDefination.then_m_total_price_should_match_expected(StepDefination.java:257)
at ✽.m_the total price should match expected(file:///C:/Users/soham/assessment-workspace/shopping-basket/src/test/resources/features/shopping_application_test.feature:74)
... Removed 7 stack frames]]>
    </failure>
  </testcase> <!-- runScenario -->
  <testcase classname="io.cucumber.testng.AbstractTestNGCucumberTests" name="runScenario" time="0.003"/>
</testsuite> <!-- BDDTests -->
